\BOOKMARK [0][-]{chapter*.2}{\376\377\000=\000I\000n\000t\000r\000o\000d\000u\000c\000t\000i\000o\000n}{}% 1
\BOOKMARK [0][-]{chapter.1}{\376\377\000=\000N\000a\000v\000i\000g\000a\000t\000i\000n\000g\000\040\000S\000u\000c\000c\000e\000s\000s\000:\000T\000h\000e\000\040\000I\000n\000d\000i\000s\000p\000e\000n\000s\000a\000b\000l\000e\000\040\000R\000o\000l\000e\000\040\000o\000f\000\040\000S\000c\000r\000e\000e\000n\000\040\000R\000e\000a\000d\000e\000r\000s\000\040\000a\000n\000d\000\040\000M\000a\000g\000n\000i\000f\000i\000c\000a\000t\000i\000o\000n\000P\000r\000o\000g\000r\000a\000m\000s\000\040\000f\000o\000r\000\040\000V\000i\000s\000u\000a\000l\000l\000y\000\040\000I\000m\000p\000a\000i\000r\000e\000d\000\040\000S\000t\000u\000d\000e\000n\000t\000s}{}% 2
\BOOKMARK [1][-]{section.1.1}{\376\377\000V\000i\000s\000i\000o\000n\000\040\000S\000p\000e\000c\000i\000f\000i\000c\000\040\000S\000o\000f\000t\000w\000a\000r\000e\000\040\000N\000e\000e\000d\000s}{chapter.1}% 3
\BOOKMARK [1][-]{section.1.2}{\376\377\000R\000A\000M\000\040\000R\000e\000q\000u\000i\000r\000e\000m\000e\000n\000t\000s}{chapter.1}% 4
\BOOKMARK [1][-]{section.1.3}{\376\377\000C\000u\000r\000r\000e\000n\000t\000\040\000S\000t\000u\000d\000e\000n\000t\000\040\000\046\000\040\000P\000r\000o\000f\000e\000s\000s\000i\000o\000n\000a\000l\000\040\000L\000a\000p\000t\000o\000p\000s}{chapter.1}% 5
\BOOKMARK [1][-]{section.1.4}{\376\377\000C\000u\000r\000r\000e\000n\000t\000\040\000L\000a\000p\000t\000o\000p\000\040\000P\000e\000r\000f\000o\000r\000m\000a\000n\000c\000e}{chapter.1}% 6
\BOOKMARK [1][-]{section.1.5}{\376\377\000S\000c\000r\000e\000e\000n\000r\000e\000a\000d\000e\000r\000\040\000L\000o\000a\000d\000i\000n\000g}{chapter.1}% 7
\BOOKMARK [1][-]{section.1.6}{\376\377\000S\000c\000r\000e\000e\000n\000r\000e\000a\000d\000e\000r\000\040\000R\000e\000s\000p\000o\000n\000s\000i\000v\000e\000n\000e\000s\000s}{chapter.1}% 8
\BOOKMARK [1][-]{section.1.7}{\376\377\000M\000e\000a\000s\000u\000r\000e\000d\000\040\000L\000a\000p\000t\000o\000p\000\040\000R\000A\000M\000\040\000w\000i\000t\000h\000\040\000A\000c\000c\000e\000s\000s\000i\000b\000i\000l\000i\000t\000y\000\040\000T\000o\000o\000l\000s}{chapter.1}% 9
\BOOKMARK [1][-]{section.1.8}{\376\377\000L\000a\000p\000t\000o\000p\000\040\000C\000o\000s\000t\000\040\000F\000a\000c\000t\000o\000r\000s}{chapter.1}% 10
\BOOKMARK [1][-]{section.1.9}{\376\377\000R\000e\000c\000o\000m\000m\000e\000n\000d\000e\000d\000\040\000L\000a\000p\000t\000o\000p\000\040\000S\000p\000e\000c\000i\000f\000i\000c\000a\000t\000i\000o\000n\000s}{chapter.1}% 11
\BOOKMARK [1][-]{section.1.10}{\376\377\000L\000a\000p\000t\000o\000p\000s\000\040\000M\000e\000e\000t\000i\000n\000g\000\040\000S\000p\000e\000c\000i\000f\000i\000c\000a\000t\000i\000o\000n\000s}{chapter.1}% 12
\BOOKMARK [0][-]{chapter.2}{\376\377\000=\000T\000r\000a\000n\000s\000f\000o\000r\000m\000a\000t\000i\000v\000e\000\040\000T\000a\000b\000l\000e\000t\000s\000:\000P\000i\000o\000n\000e\000e\000r\000i\000n\000g\000\040\000S\000u\000c\000c\000e\000s\000s\000\040\000f\000o\000r\000\040\000V\000i\000s\000u\000a\000l\000l\000y\000\040\000I\000m\000p\000a\000i\000r\000e\000d\000\040\000S\000t\000u\000d\000e\000n\000t\000s\000\040\000T\000h\000r\000o\000u\000g\000h\000I\000n\000n\000o\000v\000a\000t\000i\000v\000e\000\040\000A\000p\000p\000s}{}% 13
\BOOKMARK [1][-]{section.2.1}{\376\377\000T\000a\000b\000l\000e\000t\000\040\000C\000o\000n\000s\000i\000d\000e\000r\000a\000t\000i\000o\000n\000s}{chapter.2}% 14
\BOOKMARK [1][-]{section.2.2}{\376\377\000T\000a\000b\000l\000e\000t\000\040\000O\000p\000t\000i\000o\000n\000s}{chapter.2}% 15
\BOOKMARK [1][-]{section.2.3}{\376\377\000T\000a\000b\000l\000e\000t\000\040\000R\000e\000c\000o\000m\000m\000e\000n\000d\000a\000t\000i\000o\000n\000s}{chapter.2}% 16
\BOOKMARK [1][-]{section.2.4}{\376\377\000M\000o\000b\000i\000l\000e\000\040\000A\000p\000p\000l\000i\000c\000a\000t\000i\000o\000n\000s}{chapter.2}% 17
\BOOKMARK [0][-]{chapter.3}{\376\377\000=\000B\000r\000i\000d\000g\000i\000n\000g\000\040\000L\000i\000t\000e\000r\000a\000c\000y\000:\000T\000h\000e\000\040\000C\000r\000u\000c\000i\000a\000l\000\040\000R\000o\000l\000e\000\040\000o\000f\000\040\000R\000e\000f\000r\000e\000s\000h\000a\000b\000l\000e\000\040\000B\000r\000a\000i\000l\000l\000e\000\040\000D\000i\000s\000p\000l\000a\000y\000s\000\040\000i\000n\000\040\000E\000m\000p\000o\000w\000e\000r\000i\000n\000g\000V\000i\000s\000u\000a\000l\000l\000y\000\040\000I\000m\000p\000a\000i\000r\000e\000d\000\040\000S\000t\000u\000d\000e\000n\000t\000s}{}% 18
\BOOKMARK [1][-]{section.3.1}{\376\377\000B\000r\000a\000i\000l\000l\000e\000\040\000N\000o\000t\000e\000t\000a\000k\000e\000r\000s\000\040\000a\000n\000d\000\040\000L\000a\000p\000t\000o\000p\000s}{chapter.3}% 19
\BOOKMARK [1][-]{section.3.2}{\376\377\000B\000r\000a\000i\000l\000l\000e\000\040\000N\000o\000t\000e\000t\000a\000k\000e\000r\000/\000L\000a\000p\000t\000o\000p\000\040\000R\000e\000c\000o\000m\000m\000e\000n\000d\000a\000t\000i\000o\000n\000s}{chapter.3}% 20
\BOOKMARK [1][-]{section.3.3}{\376\377\000R\000e\000f\000r\000e\000s\000h\000a\000b\000l\000e\000\040\000B\000r\000a\000i\000l\000l\000e\000\040\000D\000i\000s\000p\000l\000a\000y\000s}{chapter.3}% 21
\BOOKMARK [1][-]{section.3.4}{\376\377\000M\000u\000l\000t\000i\000p\000l\000e\000\040\000L\000i\000n\000e\000\040\000B\000r\000a\000i\000l\000l\000e\000\040\000D\000i\000s\000p\000l\000a\000y\000s\000/\000T\000a\000b\000l\000e\000t\000s}{chapter.3}% 22
\BOOKMARK [1][-]{section.3.5}{\376\377\000B\000r\000a\000i\000l\000l\000e\000\040\000E\000d\000u\000c\000a\000t\000i\000o\000n\000\040\000D\000e\000v\000i\000c\000e\000s}{chapter.3}% 23
\BOOKMARK [0][-]{chapter.4}{\376\377\000=\000E\000m\000p\000o\000w\000e\000r\000i\000n\000g\000\040\000M\000i\000n\000d\000s\000:\000T\000h\000e\000\040\000C\000r\000u\000c\000i\000a\000l\000\040\000R\000o\000l\000e\000\040\000o\000f\000\040\000H\000i\000g\000h\000-\000Q\000u\000a\000l\000i\000t\000y\000\040\000B\000r\000a\000i\000l\000l\000e\000\040\000E\000m\000b\000o\000s\000s\000e\000r\000s\000\040\000i\000n\000\040\000U\000n\000l\000o\000c\000k\000i\000n\000g\000S\000T\000E\000M\000\040\000L\000i\000t\000e\000r\000a\000c\000y\000\040\000f\000o\000r\000\040\000V\000i\000s\000u\000a\000l\000l\000y\000\040\000I\000m\000p\000a\000i\000r\000e\000d\000\040\000S\000t\000u\000d\000e\000n\000t\000s}{}% 24
\BOOKMARK [1][-]{section.4.1}{\376\377\000B\000r\000a\000i\000l\000l\000e\000\040\000E\000m\000b\000o\000s\000s\000e\000r\000s}{chapter.4}% 25
\BOOKMARK [1][-]{section.4.2}{\376\377\000H\000i\000g\000h\000\040\000R\000e\000s\000o\000l\000u\000t\000i\000o\000n\000\040\000T\000a\000c\000t\000i\000l\000e\000\040\000G\000r\000a\000p\000h\000i\000c\000s}{chapter.4}% 26
\BOOKMARK [1][-]{section.4.3}{\376\377\000T\000a\000c\000t\000i\000l\000e\000\040\000G\000r\000a\000p\000h\000i\000c\000\040\000S\000u\000p\000p\000l\000i\000e\000s}{chapter.4}% 27
\BOOKMARK [0][-]{chapter.5}{\376\377\000=\000S\000h\000a\000p\000i\000n\000g\000\040\000K\000n\000o\000w\000l\000e\000d\000g\000e\000:\000T\000h\000e\000\040\000I\000m\000p\000e\000r\000a\000t\000i\000v\000e\000\040\000R\000o\000l\000e\000\040\000o\000f\000\040\0003\000D\000\040\000P\000r\000i\000n\000t\000e\000d\000\040\000M\000a\000t\000e\000r\000i\000a\000l\000s\000\040\000i\000n\000\040\000F\000o\000s\000t\000e\000r\000i\000n\000g\000\040\000H\000a\000n\000d\000s\000-\000O\000n\000L\000i\000t\000e\000r\000a\000c\000y\000\040\000f\000o\000r\000\040\000V\000i\000s\000u\000a\000l\000l\000y\000\040\000I\000m\000p\000a\000i\000r\000e\000d\000\040\000S\000t\000u\000d\000e\000n\000t\000s}{}% 28
\BOOKMARK [1][-]{section.5.1}{\376\377\0003\000D\000\040\000P\000r\000i\000n\000t\000e\000r\000s}{chapter.5}% 29
\BOOKMARK [1][-]{section.5.2}{\376\377\0003\000D\000\040\000P\000r\000i\000n\000t\000e\000r\000\040\000M\000a\000t\000e\000r\000i\000a\000l\000s}{chapter.5}% 30
\BOOKMARK [1][-]{section.5.3}{\376\377\0003\000D\000\040\000P\000r\000i\000n\000t\000e\000r\000\040\000S\000o\000f\000t\000w\000a\000r\000e}{chapter.5}% 31
\BOOKMARK [0][-]{chapter.6}{\376\377\000=\000A\000m\000p\000l\000i\000f\000y\000i\000n\000g\000\040\000V\000i\000s\000i\000o\000n\000:\000T\000h\000e\000\040\000V\000i\000t\000a\000l\000\040\000R\000o\000l\000e\000\040\000o\000f\000\040\000V\000i\000d\000e\000o\000\040\000M\000a\000g\000n\000i\000f\000i\000c\000a\000t\000i\000o\000n\000\040\000P\000r\000o\000d\000u\000c\000t\000s\000\040\000i\000n\000\040\000F\000o\000s\000t\000e\000r\000i\000n\000g\000\040\000L\000i\000t\000e\000r\000a\000c\000y\000a\000n\000d\000\040\000S\000u\000c\000c\000e\000s\000s\000\040\000f\000o\000r\000\040\000V\000i\000s\000u\000a\000l\000l\000y\000\040\000I\000m\000p\000a\000i\000r\000e\000d\000\040\000S\000t\000u\000d\000e\000n\000t\000s}{}% 32
\BOOKMARK [1][-]{section.6.1}{\376\377\000V\000i\000d\000e\000o\000\040\000M\000a\000g\000n\000i\000f\000i\000c\000a\000t\000i\000o\000n\000\040\000D\000e\000v\000i\000c\000e\000s}{chapter.6}% 33
\BOOKMARK [0][-]{chapter.7}{\376\377\000=\000B\000e\000y\000o\000n\000d\000\040\000B\000o\000u\000n\000d\000a\000r\000i\000e\000s\000:\000T\000e\000x\000t\000-\000t\000o\000-\000S\000p\000e\000e\000c\000h\000\040\000a\000n\000d\000\040\000D\000A\000I\000S\000Y\000\040\000a\000s\000\040\000C\000a\000t\000a\000l\000y\000s\000t\000s\000\040\000f\000o\000r\000\040\000L\000i\000t\000e\000r\000a\000c\000y\000\040\000a\000n\000d\000\040\000S\000u\000c\000c\000e\000s\000s\000i\000n\000\040\000V\000i\000s\000u\000a\000l\000\040\000I\000m\000p\000a\000i\000r\000m\000e\000n\000t\000\040\000E\000d\000u\000c\000a\000t\000i\000o\000n}{}% 34
\BOOKMARK [1][-]{section.7.1}{\376\377\000D\000A\000I\000S\000Y\000\040\000R\000e\000a\000d\000e\000r\000s}{chapter.7}% 35
\BOOKMARK [1][-]{section.7.2}{\376\377\000T\000e\000x\000t\000-\000t\000o\000-\000S\000p\000e\000e\000c\000h}{chapter.7}% 36
\BOOKMARK [0][-]{chapter.8}{\376\377\000=\000N\000a\000v\000i\000g\000a\000t\000i\000n\000g\000\040\000I\000n\000d\000e\000p\000e\000n\000d\000e\000n\000c\000e\000:\000T\000h\000e\000\040\000E\000s\000s\000e\000n\000t\000i\000a\000l\000\040\000R\000o\000l\000e\000\040\000o\000f\000\040\000A\000c\000c\000e\000s\000s\000i\000b\000l\000e\000\040\000D\000a\000i\000l\000y\000\040\000L\000i\000v\000i\000n\000g\000\040\000T\000e\000c\000h\000n\000o\000l\000o\000g\000y\000\040\000i\000n\000E\000m\000p\000o\000w\000e\000r\000i\000n\000g\000\040\000V\000i\000s\000u\000a\000l\000l\000y\000\040\000I\000m\000p\000a\000i\000r\000e\000d\000\040\000S\000t\000u\000d\000e\000n\000t\000s\000\040\000f\000o\000r\000\040\000S\000u\000c\000c\000e\000s\000s\000\040\000a\000n\000d\000\040\000S\000a\000f\000e\000t\000y}{}% 37
\BOOKMARK [1][-]{section.8.1}{\376\377\000A\000c\000c\000e\000s\000s\000i\000b\000l\000e\000\040\000G\000P\000S\000\040\000H\000a\000r\000d\000w\000a\000r\000e}{chapter.8}% 38
\BOOKMARK [1][-]{section.8.2}{\376\377\000A\000c\000c\000e\000s\000s\000i\000b\000l\000e\000\040\000T\000e\000c\000h\000n\000o\000l\000o\000g\000y\000\040\000f\000o\000r\000\040\000D\000a\000i\000l\000y\000\040\000L\000i\000v\000i\000n\000g}{chapter.8}% 39
\BOOKMARK [0][-]{chapter.9}{\376\377\000=\000C\000o\000n\000c\000l\000u\000s\000i\000o\000n}{}% 40
\BOOKMARK [0][-]{chapter.9}{\376\377\000=\000A\000P\000P\000E\000N\000D\000I\000C\000E\000S}{}% 41
\BOOKMARK [0][-]{appendix.a.A}{\376\377\000A\000p\000p\000e\000n\000d\000i\000x\000\040\000=\000T\000r\000o\000u\000b\000l\000e\000s\000h\000o\000o\000t\000i\000n\000g\000\040\000S\000c\000r\000e\000e\000n\000r\000e\000a\000d\000e\000r\000\040\000\046\000\040\000M\000a\000g\000n\000i\000f\000i\000e\000r\000\040\000P\000e\000r\000f\000o\000r\000m\000a\000n\000c\000e}{}% 42
\BOOKMARK [1][-]{section.a.A.1}{\376\377\000C\000l\000e\000a\000r\000i\000n\000g\000\040\000S\000y\000s\000t\000e\000m\000\040\000C\000a\000c\000h\000e}{appendix.a.A}% 43
\BOOKMARK [1][-]{section.a.A.2}{\376\377\000S\000l\000o\000w\000\040\000R\000e\000s\000p\000o\000n\000s\000i\000v\000e\000n\000e\000s\000s}{appendix.a.A}% 44
\BOOKMARK [1][-]{section.a.A.3}{\376\377\000O\000f\000f\000i\000c\000i\000a\000l\000\040\000S\000u\000p\000p\000o\000r\000t\000\040\000C\000o\000n\000t\000a\000c\000t}{appendix.a.A}% 45
\BOOKMARK [1][-]{section.a.A.4}{\376\377\000C\000o\000m\000m\000u\000n\000i\000t\000y\000\040\000S\000u\000p\000p\000o\000r\000t\000\040\000v\000i\000a\000\040\000L\000i\000s\000t\000S\000e\000r\000v}{appendix.a.A}% 46
\BOOKMARK [0][-]{appendix.a.B}{\376\377\000A\000p\000p\000e\000n\000d\000i\000x\000\040\000=\000T\000r\000o\000u\000b\000l\000e\000s\000h\000o\000o\000t\000i\000n\000g\000\040\000B\000r\000a\000i\000l\000l\000e\000\040\000N\000o\000t\000e\000b\000o\000o\000k\000s\000\040\000a\000n\000d\000\040\000D\000i\000s\000p\000l\000a\000y\000s}{}% 47
\BOOKMARK [1][-]{section.a.B.1}{\376\377\000B\000r\000a\000i\000l\000l\000e\000\040\000N\000o\000t\000e\000t\000a\000k\000e\000r\000s}{appendix.a.B}% 48
\BOOKMARK [1][-]{section.a.B.2}{\376\377\000B\000r\000a\000i\000l\000l\000e\000\040\000D\000i\000s\000p\000l\000a\000y\000s}{appendix.a.B}% 49
\BOOKMARK [1][-]{section.a.B.3}{\376\377\000O\000f\000f\000i\000c\000i\000a\000l\000\040\000S\000u\000p\000p\000o\000r\000t\000\040\000C\000o\000n\000t\000a\000c\000t}{appendix.a.B}% 50
\BOOKMARK [1][-]{section.a.B.4}{\376\377\000C\000o\000m\000m\000u\000n\000i\000t\000y\000\040\000S\000u\000p\000p\000o\000r\000t\000\040\000v\000i\000a\000\040\000L\000i\000s\000t\000S\000e\000r\000v}{appendix.a.B}% 51
\BOOKMARK [0][-]{appendix.a.C}{\376\377\000A\000p\000p\000e\000n\000d\000i\000x\000\040\000=\000A\000s\000s\000i\000s\000t\000i\000v\000e\000\040\000T\000e\000c\000h\000n\000o\000l\000o\000g\000y\000\040\000C\000o\000n\000s\000i\000d\000e\000r\000a\000t\000i\000o\000n\000s}{}% 52
\BOOKMARK [1][-]{section.a.C.1}{\376\377\000A\000s\000s\000i\000s\000t\000i\000v\000e\000\040\000T\000e\000c\000h\000n\000o\000l\000o\000g\000y\000\040\000C\000o\000n\000s\000i\000d\000e\000r\000a\000t\000i\000o\000n\000s}{appendix.a.C}% 53
\BOOKMARK [1][-]{section.a.C.2}{\376\377\000S\000E\000T\000T\000\040\000F\000r\000a\000m\000e\000w\000o\000r\000k}{appendix.a.C}% 54
\BOOKMARK [1][-]{section.a.C.3}{\376\377\000A\000s\000s\000i\000s\000t\000i\000v\000e\000\040\000T\000e\000c\000h\000n\000o\000l\000o\000g\000y\000\040\000A\000s\000s\000e\000s\000s\000m\000e\000n\000t\000s}{appendix.a.C}% 55
\BOOKMARK [0][-]{appendix.a.D}{\376\377\000A\000p\000p\000e\000n\000d\000i\000x\000\040\000=\000I\000n\000s\000t\000r\000u\000c\000t\000i\000o\000n\000a\000l\000\040\000P\000r\000o\000g\000r\000a\000m\000s\000\040\000\046\000\040\000M\000a\000t\000e\000r\000i\000a\000l\000s\000\040\000M\000a\000t\000e\000r\000i\000a\000l\000s}{}% 56
\BOOKMARK [1][-]{section.a.D.1}{\376\377\000A\000c\000c\000e\000s\000s\000i\000b\000l\000e\000\040\000T\000o\000u\000c\000h\000\040\000T\000y\000p\000i\000n\000g\000\040\000I\000n\000s\000t\000r\000u\000c\000t\000i\000o\000n}{appendix.a.D}% 57
\BOOKMARK [1][-]{section.a.D.2}{\376\377\000A\000n\000d\000r\000o\000i\000d\000O\000S\000/\000i\000O\000S\000/\000i\000P\000a\000d\000O\000S\000\040\000G\000e\000s\000t\000u\000r\000e\000\040\000T\000r\000a\000i\000n\000i\000n\000g}{appendix.a.D}% 58
\BOOKMARK [1][-]{section.a.D.3}{\376\377\000S\000c\000r\000e\000e\000n\000r\000e\000a\000d\000e\000r\000\040\000T\000r\000a\000i\000n\000i\000n\000g}{appendix.a.D}% 59
\BOOKMARK [1][-]{section.a.D.4}{\376\377\000S\000c\000r\000e\000e\000n\000\040\000M\000a\000g\000n\000i\000f\000i\000e\000r\000\040\000T\000r\000a\000i\000n\000i\000n\000g}{appendix.a.D}% 60
\BOOKMARK [1][-]{section.a.D.5}{\376\377\000B\000r\000a\000i\000l\000l\000e\000\040\000D\000i\000s\000p\000l\000a\000y\000\040\000U\000s\000e}{appendix.a.D}% 61
\BOOKMARK [1][-]{section.a.D.6}{\376\377\000A\000c\000c\000e\000s\000s\000i\000b\000l\000e\000\040\000C\000o\000d\000i\000n\000g\000\040\000C\000u\000r\000r\000i\000c\000u\000l\000a}{appendix.a.D}% 62
\BOOKMARK [0][-]{appendix.a.E}{\376\377\000A\000p\000p\000e\000n\000d\000i\000x\000\040\000=\000A\000c\000c\000e\000s\000s\000i\000b\000l\000e\000\040\000F\000o\000n\000t\000s}{}% 63
\BOOKMARK [1][-]{section.a.E.1}{\376\377\000A\000t\000k\000i\000n\000s\000o\000n\000\040\000H\000y\000p\000e\000r\000l\000e\000g\000i\000b\000l\000e\000\040\000F\000o\000n\000t}{appendix.a.E}% 64
\BOOKMARK [1][-]{section.a.E.2}{\376\377\000A\000P\000H\000o\000n\000t}{appendix.a.E}% 65
\BOOKMARK [1][-]{section.a.E.3}{\376\377\000C\000o\000m\000i\000c\000\040\000S\000a\000n\000s\000\040\000M\000S}{appendix.a.E}% 66
\BOOKMARK [1][-]{section.a.E.4}{\376\377\000J\000e\000t\000B\000r\000a\000i\000n\000s\000\040\000M\000o\000n\000o}{appendix.a.E}% 67
